<?xml version="1.0" encoding="UTF-8"?>
<testng-results ignored="0" total="1" passed="1" failed="0" skipped="0">
  <reporter-output>
  </reporter-output>
  <suite started-at="2024-09-05T13:12:03 IST" name="Default suite" finished-at="2024-09-05T13:12:12 IST" duration-ms="8616">
    <groups>
    </groups>
    <test started-at="2024-09-05T13:12:03 IST" name="Default test" finished-at="2024-09-05T13:12:12 IST" duration-ms="8616">
      <class name="pack2Demo.BrowserTest">
        <test-method signature="drivertest()[pri:0, instance:pack2Demo.BrowserTest@6b2ea799]" started-at="2024-09-05T13:12:03 IST" name="drivertest" finished-at="2024-09-05T13:12:11 IST" duration-ms="8552" status="PASS">
          <reporter-output>
          </reporter-output>
        </test-method> <!-- drivertest -->
      </class> <!-- pack2Demo.BrowserTest -->
    </test> <!-- Default test -->
  </suite> <!-- Default suite -->
</testng-results>
